<?xml version="1.0" encoding="UTF-8"?>
<!-- Generated by org.testng.reporters.JUnitReportReporter -->
<testsuite hostname="ATDHDCTZB2" name="runners.RunCuke" tests="1" failures="0" timestamp="25 Feb 2020 03:59:30 GMT" time="223.975" errors="0">
  <testcase name="runTest" time="223.975" classname="runners.RunCuke"/>
</testsuite> <!-- runners.RunCuke -->
