<?xml version="1.0" encoding="UTF-8"?>
<!-- Generated by org.testng.reporters.JUnitReportReporter -->
<testsuite hostname="ATDHDCTZB2" name="runners.HomePageTestRunner" tests="1" failures="0" timestamp="25 Feb 2020 13:59:37 GMT" time="260.114" errors="0">
  <testcase name="homePageTest" time="260.114" classname="runners.HomePageTestRunner"/>
</testsuite> <!-- runners.HomePageTestRunner -->
