<?xml version="1.0" encoding="UTF-8"?>
<!-- Generated by org.testng.reporters.JUnitReportReporter -->
<testsuite hostname="ATDHDCTZB2" name="runners.SimpleInputFormRunner" tests="1" failures="0" timestamp="26 Feb 2020 12:11:44 GMT" time="120.680" errors="0">
  <testcase name="simpleInputFormTest" time="120.680" classname="runners.SimpleInputFormRunner"/>
</testsuite> <!-- runners.SimpleInputFormRunner -->
